2025-04-04 17:23:31 [31merror[39m: TypeError: argument handler must be a function
    at Route.<computed> [as get] (C:\Users\IbAHass\whatsapp-bot-project\node_modules\router\lib\route.js:228:15)
    at Router.<computed> [as get] (C:\Users\IbAHass\whatsapp-bot-project\node_modules\router\index.js:448:19)
    at Object.<anonymous> (C:\Users\IbAHass\whatsapp-bot-project\server\server.js:56:8)
    at Module._compile (node:internal/modules/cjs/loader:1369:14)
    at Module._extensions..js (node:internal/modules/cjs/loader:1427:10)
    at Module.load (node:internal/modules/cjs/loader:1206:32)
    at Module._load (node:internal/modules/cjs/loader:1022:12)
    at Function.executeUserEntryPoint [as runMain] (node:internal/modules/run_main:135:12)
    at node:internal/main/run_main_module:28:49
2025-04-04 17:24:05 [31merror[39m: TypeError: argument handler must be a function
    at Route.<computed> [as get] (C:\Users\IbAHass\whatsapp-bot-project\node_modules\router\lib\route.js:228:15)
    at Router.<computed> [as get] (C:\Users\IbAHass\whatsapp-bot-project\node_modules\router\index.js:448:19)
    at Object.<anonymous> (C:\Users\IbAHass\whatsapp-bot-project\server\server.js:56:8)
    at Module._compile (node:internal/modules/cjs/loader:1369:14)
    at Module._extensions..js (node:internal/modules/cjs/loader:1427:10)
    at Module.load (node:internal/modules/cjs/loader:1206:32)
    at Module._load (node:internal/modules/cjs/loader:1022:12)
    at Function.executeUserEntryPoint [as runMain] (node:internal/modules/run_main:135:12)
    at node:internal/main/run_main_module:28:49
2025-04-04 17:40:50 [31merror[39m: TypeError: argument handler must be a function
    at Route.<computed> [as get] (C:\Users\IbAHass\whatsapp-bot-project\node_modules\router\lib\route.js:228:15)
    at Router.<computed> [as get] (C:\Users\IbAHass\whatsapp-bot-project\node_modules\router\index.js:448:19)
    at Object.<anonymous> (C:\Users\IbAHass\whatsapp-bot-project\server\server.js:56:8)
    at Module._compile (node:internal/modules/cjs/loader:1369:14)
    at Module._extensions..js (node:internal/modules/cjs/loader:1427:10)
    at Module.load (node:internal/modules/cjs/loader:1206:32)
    at Module._load (node:internal/modules/cjs/loader:1022:12)
    at Function.executeUserEntryPoint [as runMain] (node:internal/modules/run_main:135:12)
    at node:internal/main/run_main_module:28:49
2025-04-04 17:40:57 [31merror[39m: TypeError: argument handler must be a function
    at Route.<computed> [as get] (C:\Users\IbAHass\whatsapp-bot-project\node_modules\router\lib\route.js:228:15)
    at Router.<computed> [as get] (C:\Users\IbAHass\whatsapp-bot-project\node_modules\router\index.js:448:19)
    at Object.<anonymous> (C:\Users\IbAHass\whatsapp-bot-project\server\server.js:56:8)
    at Module._compile (node:internal/modules/cjs/loader:1369:14)
    at Module._extensions..js (node:internal/modules/cjs/loader:1427:10)
    at Module.load (node:internal/modules/cjs/loader:1206:32)
    at Module._load (node:internal/modules/cjs/loader:1022:12)
    at Function.executeUserEntryPoint [as runMain] (node:internal/modules/run_main:135:12)
    at node:internal/main/run_main_module:28:49
